<?xml version="1.0" encoding="UTF-8"?>
<testng-results ignored="0" total="1" passed="1" failed="0" skipped="0">
  <reporter-output>
  </reporter-output>
  <suite started-at="2024-07-12T15:30:24 IST" name="Default suite" finished-at="2024-07-12T15:30:50 IST" duration-ms="25630">
    <groups>
    </groups>
    <test started-at="2024-07-12T15:30:24 IST" name="Default test" finished-at="2024-07-12T15:30:50 IST" duration-ms="25630">
      <class name="Testscripts.Adminyoursloginpagetest">
        <test-method is-config="true" signature="setup()[pri:0, instance:Testscripts.Adminyoursloginpagetest@c33b74f]" started-at="2024-07-12T15:30:24 IST" name="setup" finished-at="2024-07-12T15:30:29 IST" duration-ms="4792" status="PASS">
          <reporter-output>
          </reporter-output>
        </test-method> <!-- setup -->
        <test-method signature="verifyloginfunctionlityWithValidDetails()[pri:0, instance:Testscripts.Adminyoursloginpagetest@c33b74f]" started-at="2024-07-12T15:30:29 IST" name="verifyloginfunctionlityWithValidDetails" finished-at="2024-07-12T15:30:50 IST" duration-ms="20730" status="PASS">
          <reporter-output>
          </reporter-output>
        </test-method> <!-- verifyloginfunctionlityWithValidDetails -->
        <test-method is-config="true" signature="closebrowser()[pri:0, instance:Testscripts.Adminyoursloginpagetest@c33b74f]" started-at="2024-07-12T15:30:50 IST" name="closebrowser" finished-at="2024-07-12T15:30:50 IST" duration-ms="0" status="PASS">
          <reporter-output>
          </reporter-output>
        </test-method> <!-- closebrowser -->
      </class> <!-- Testscripts.Adminyoursloginpagetest -->
    </test> <!-- Default test -->
  </suite> <!-- Default suite -->
</testng-results>
